<?xml version="1.0" encoding="UTF-8"?>
<testng-results ignored="0" total="1" passed="1" failed="0" skipped="0">
  <reporter-output>
  </reporter-output>
  <suite started-at="2022-10-12T16:37:32 AMT" name="Surefire suite" finished-at="2022-10-12T16:37:37 AMT" duration-ms="5779">
    <groups>
    </groups>
    <test started-at="2022-10-12T16:37:32 AMT" name="Surefire test" finished-at="2022-10-12T16:37:37 AMT" duration-ms="5779">
      <class name="com.mycompany.app.AppTest">
        <test-method signature="invokeBrowser(java.lang.String)[pri:0, instance:com.mycompany.app.AppTest@133e16fd]" started-at="2022-10-12T16:37:32 AMT" name="invokeBrowser" finished-at="2022-10-12T16:37:37 AMT" duration-ms="5763" status="PASS">
          <params>
            <param index="0">
              <value>
                <![CDATA[firefox]]>
              </value>
            </param>
          </params>
          <reporter-output>
          </reporter-output>
        </test-method> <!-- invokeBrowser -->
      </class> <!-- com.mycompany.app.AppTest -->
    </test> <!-- Surefire test -->
  </suite> <!-- Surefire suite -->
</testng-results>
